[debug] [2018-11-12T19:27:06.604Z] ----------------------------------------------------------------------
[debug] [2018-11-12T19:27:06.606Z] Command:       /Users/ghelanijimmy/.nvm/versions/node/v10.10.0/bin/node /Users/ghelanijimmy/.nvm/versions/node/v10.10.0/bin/firebase deploy
[debug] [2018-11-12T19:27:06.606Z] CLI Version:   6.0.1
[debug] [2018-11-12T19:27:06.606Z] Platform:      darwin
[debug] [2018-11-12T19:27:06.606Z] Node Version:  v10.10.0
[debug] [2018-11-12T19:27:06.607Z] Time:          Mon Nov 12 2018 14:27:06 GMT-0500 (Eastern Standard Time)
[debug] [2018-11-12T19:27:06.607Z] ----------------------------------------------------------------------
[debug] 
[debug] [2018-11-12T19:27:06.618Z] > command requires scopes: ["email","openid","https://www.googleapis.com/auth/cloudplatformprojects.readonly","https://www.googleapis.com/auth/firebase","https://www.googleapis.com/auth/cloud-platform"]
[debug] [2018-11-12T19:27:06.619Z] > authorizing via signed-in user
[debug] [2018-11-12T19:27:06.619Z] [iam] checking project swtest-b2a31 for permissions ["firebase.projects.get","firebasedatabase.instances.update","firebasehosting.sites.update"]
[debug] [2018-11-12T19:27:06.621Z] >>> HTTP REQUEST POST https://cloudresourcemanager.googleapis.com/v1/projects/swtest-b2a31:testIamPermissions  

[debug] [2018-11-12T19:27:07.098Z] <<< HTTP RESPONSE 200
[debug] [2018-11-12T19:27:07.100Z] >>> HTTP REQUEST GET https://firebase.googleapis.com/v1beta1/projects/swtest-b2a31  
 
[debug] [2018-11-12T19:27:07.272Z] <<< HTTP RESPONSE 200
[info] 
[info] === Deploying to 'swtest-b2a31'...
[info] 
[info] i  deploying database, hosting
[info] i  database: checking rules syntax...
[debug] [2018-11-12T19:27:07.276Z] >>> HTTP REQUEST PUT https://swtest-b2a31.firebaseio.com/.settings/rules.json?dryRun=true  
 {
  /* Visit https://firebase.google.com/docs/database/security to learn more about security rules. */
  "rules": {
    ".read": false,
    ".write": false
  }
}
[debug] [2018-11-12T19:27:07.612Z] <<< HTTP RESPONSE 200
[info] ✔  database: rules syntax for database swtest-b2a31 is valid
[debug] [2018-11-12T19:27:07.614Z] >>> HTTP REQUEST POST https://firebasehosting.googleapis.com/v1beta1/sites/swtest-b2a31/versions  

[debug] [2018-11-12T19:27:08.342Z] <<< HTTP RESPONSE 200
[info] i  hosting[swtest-b2a31]: beginning deploy...
[info] i  hosting[swtest-b2a31]: found 14 files in build
[debug] [2018-11-12T19:27:08.353Z] [hosting] hash cache [YnVpbGQ] load error: lines is not defined
[debug] [2018-11-12T19:27:08.461Z] [hosting] hash cache [YnVpbGQ] stored for 14 files
[debug] [2018-11-12T19:27:08.462Z] [hosting][hash queue][FINAL]
[debug] [2018-11-12T19:27:08.462Z] >>> HTTP REQUEST POST https://firebasehosting.googleapis.com/v1beta1/sites/swtest-b2a31/versions/f6fe9796ee4d2942:populateFiles  
 <request body omitted>
[debug] [2018-11-12T19:27:08.941Z] <<< HTTP RESPONSE 200
[debug] [2018-11-12T19:27:08.945Z] [hosting][populate queue][FINAL]
[debug] [2018-11-12T19:27:08.945Z] [hosting] uploads queued: 8
[debug] [2018-11-12T19:27:15.992Z] [hosting][upload queue][FINAL]
[info] ✔  hosting[swtest-b2a31]: file upload complete
[debug] [2018-11-12T19:27:15.993Z] [hosting] deploy completed after 7650ms
[info] i  database: releasing rules...
[debug] [2018-11-12T19:27:16.120Z] >>> HTTP REQUEST PUT https://swtest-b2a31.firebaseio.com/.settings/rules.json  
 {
  /* Visit https://firebase.google.com/docs/database/security to learn more about security rules. */
  "rules": {
    ".read": false,
    ".write": false
  }
}
[debug] [2018-11-12T19:27:16.521Z] <<< HTTP RESPONSE 200
[info] ✔  database: rules for database swtest-b2a31 released successfully
[debug] [2018-11-12T19:27:16.522Z] [
  {
    "config": {
      "public": "build",
      "ignore": [
        "firebase.json",
        "**/.*",
        "**/node_modules/**"
      ],
      "rewrites": [
        {
          "source": "**",
          "destination": "/index.html"
        }
      ],
      "site": "swtest-b2a31"
    },
    "site": "swtest-b2a31",
    "version": "sites/swtest-b2a31/versions/f6fe9796ee4d2942"
  }
]
[info] i  hosting[swtest-b2a31]: finalizing version...
[debug] [2018-11-12T19:27:16.522Z] >>> HTTP REQUEST PATCH https://firebasehosting.googleapis.com/v1beta1/sites/swtest-b2a31/versions/f6fe9796ee4d2942?updateMask=status  

